2021/04/15 13:26:53> Map Edit Phase Entered
2021/04/15 13:26:53> Map "WorldMap.map" ready for edit
2021/04/15 13:26:53> Continent "1" added to map
2021/04/15 13:26:53> Country "1" successfully added to map
2021/04/15 13:26:53> Country "1" already present in map
2021/04/15 13:26:53> Country "1" successfully removed from map
2021/04/15 13:26:53> Country "1" not present in map
2021/04/15 13:26:53> Game Setup Phase Entered
2021/04/15 13:26:53> Domination Map "uk.map" loaded successfully
2021/04/15 13:26:53> Game Setup Phase Entered
2021/04/15 13:26:53> Domination Map "uk.map" loaded successfully
2021/04/15 13:26:53> Player "Random" added to game
2021/04/15 13:26:53> Player "Cheater" added to game
2021/04/15 13:26:53> Countries Assigned
2021/04/15 13:26:53> Assigned Reinforcements to players
2021/04/15 13:26:53> Issue orders phase entered
2021/04/15 13:26:53> Player Random's turn
2021/04/15 13:26:53> Move from: 4, to:  5, armies: 0
2021/04/15 13:26:53> Player Cheater's turn
2021/04/15 13:26:53> Issue orders phase completed
2021/04/15 13:26:53> Execution Phase Started
2021/04/15 13:26:53> Random: Player "Random" does not control country "4" ,hence armies cannot be moved.
2021/04/15 13:26:53> Execution Complete
2021/04/15 13:26:53> Winner:  Cheater
2021/04/15 13:26:53> Game Setup Phase Entered
2021/04/15 13:26:53> Domination Map "uk.map" loaded successfully
2021/04/15 13:26:53> Player "Random" added to game
2021/04/15 13:26:53> Player "Cheater" added to game
2021/04/15 13:26:53> Countries Assigned
2021/04/15 13:26:53> Assigned Reinforcements to players
2021/04/15 13:26:53> Issue orders phase entered
2021/04/15 13:26:53> Player Random's turn
2021/04/15 13:26:53> Attack from: 3, to:  4, armies: 0
2021/04/15 13:26:53> Player Cheater's turn
2021/04/15 13:26:53> Issue orders phase completed
2021/04/15 13:26:53> Execution Phase Started
2021/04/15 13:26:53> Random: Player "Random" does not control country "3" ,hence armies cannot be moved.
2021/04/15 13:26:53> Execution Complete
2021/04/15 13:26:53> Winner:  Cheater
2021/04/15 13:26:53> Game Setup Phase Entered
2021/04/15 13:26:53> Domination Map "risk.map" loaded successfully
2021/04/15 13:26:53> Player "Random" added to game
2021/04/15 13:26:53> Player "Cheater" added to game
2021/04/15 13:26:53> Countries Assigned
2021/04/15 13:26:53> Assigned Reinforcements to players
2021/04/15 13:26:53> Issue orders phase entered
2021/04/15 13:26:53> Player Random's turn
2021/04/15 13:26:53> Move from: 14, to:  6, armies: 0
2021/04/15 13:26:53> Player Cheater's turn
2021/04/15 13:26:53> Issue orders phase completed
2021/04/15 13:26:53> Execution Phase Started
2021/04/15 13:26:53> Random: Player "Random" does not control country "14" ,hence armies cannot be moved.
2021/04/15 13:26:53> Execution Complete
2021/04/15 13:26:53> Assigned Reinforcements to players
2021/04/15 13:26:53> Issue orders phase entered
2021/04/15 13:26:53> Player Random's turn
2021/04/15 13:26:53> Attack from: 17, to:  2, armies: 0
2021/04/15 13:26:53> Player Cheater's turn
2021/04/15 13:26:53> Issue orders phase completed
2021/04/15 13:26:53> Execution Phase Started
2021/04/15 13:26:53> Random: Player "Random" does not control country "17" ,hence armies cannot be moved.
2021/04/15 13:26:53> Execution Complete
2021/04/15 13:26:53> Winner:  Cheater
2021/04/15 13:26:53> Game Setup Phase Entered
2021/04/15 13:26:53> Domination Map "risk.map" loaded successfully
2021/04/15 13:26:53> Player "Random" added to game
2021/04/15 13:26:53> Player "Cheater" added to game
2021/04/15 13:26:53> Countries Assigned
2021/04/15 13:26:53> Assigned Reinforcements to players
2021/04/15 13:26:53> Issue orders phase entered
2021/04/15 13:26:53> Player Random's turn
2021/04/15 13:26:53> Deploy 3,armies:  4
2021/04/15 13:26:53> Player Cheater's turn
2021/04/15 13:26:53> Issue orders phase completed
2021/04/15 13:26:53> Execution Phase Started
2021/04/15 13:26:53> Random: Player "Random" does not control country "3"
2021/04/15 13:26:53> Execution Complete
2021/04/15 13:26:53> Assigned Reinforcements to players
2021/04/15 13:26:53> Issue orders phase entered
2021/04/15 13:26:53> Player Random's turn
2021/04/15 13:26:53> Attack from: 1, to:  2, armies: 0
2021/04/15 13:26:53> Player Cheater's turn
2021/04/15 13:26:53> Issue orders phase completed
2021/04/15 13:26:53> Execution Phase Started
2021/04/15 13:26:53> Random: Player "Random" does not control country "1" ,hence armies cannot be moved.
2021/04/15 13:26:53> Execution Complete
2021/04/15 13:26:53> Winner:  Cheater
2021/04/15 13:26:53> Game Setup Phase Entered
2021/04/15 13:26:53> Domination Map "risk.map" loaded successfully
2021/04/15 13:26:53> Map Edit Phase Entered
2021/04/15 13:26:53> Map "WorldMap.map" ready for edit
2021/04/15 13:26:53> Continent "1" added to map
2021/04/15 13:26:53> Continent "1" already present in map
2021/04/15 13:26:53> Continent "1" successfully removed from map
2021/04/15 13:26:53> Continent "1" not present in map
2021/04/15 13:26:53> Game Setup Phase Entered
2021/04/15 13:26:53> Domination Map "risk.map" loaded successfully
2021/04/15 13:26:53> Player "Jay" added to game
2021/04/15 13:26:53> Player "Jay" already present in game
2021/04/15 13:26:53> Player "Jay" removed from game
2021/04/15 13:26:53> Player "Jay" not present in game
2021/04/15 13:26:53> Game Setup Phase Entered
2021/04/15 13:26:53> Domination Map "risk.map" loaded successfully
2021/04/15 13:26:53> Game Setup Phase Entered
2021/04/15 13:26:53> Conquest Map "Canada.map" loaded successfully
2021/04/15 13:26:53> Map Edit Phase Entered
2021/04/15 13:26:53> Map "WorldMap.map" ready for edit
2021/04/15 13:26:53> Continent "1" added to map
2021/04/15 13:26:53> Country "1" successfully added to map
2021/04/15 13:26:53> Country "2" successfully added to map
2021/04/15 13:26:53> Country "2" is now a neighbor of country "1"
2021/04/15 13:26:53> Country "2" already a neighbor of "1"
2021/04/15 13:26:53> Country "2" removed from neighbors of "1"
2021/04/15 13:26:53> Country "2" is not a neighbor of "1"
2021/04/15 13:26:53> Player "Shubham" added to game
2021/04/15 13:26:53> Player "Meet" added to game
2021/04/15 13:26:53> Execution Phase Started
2021/04/15 13:26:53> Shubham: Player "Shubham" deployed "3" armies to country "1"
2021/04/15 13:26:53> Shubham: Armies successfully moved from country "1" to country "2" and the ownership changed to "Shubham" player, Card "blockade" rewarded to player "Shubham".
2021/04/15 13:26:53> Execution Complete
2021/04/15 13:26:53> Winner:  Shubham
2021/04/15 13:26:53> Map Edit Phase Entered
2021/04/15 13:26:53> Map "risk.map" ready for edit
2021/04/15 13:26:53> Domination Map file "abc.map" saved successfully
2021/04/15 13:26:53> Conquest Map file "conquestabc.map" saved successfully
2021/04/15 13:26:53> Map Edit Phase Entered
2021/04/15 13:26:53> Map "WorldMap.map" ready for edit
2021/04/15 13:26:54> Player "Shubham" added to game
2021/04/15 13:26:54> Player "Meet" added to game
2021/04/15 13:26:54> Player "Shubham" added to game
2021/04/15 13:26:54> Player "Meet" added to game
2021/04/15 13:26:54> Player "Shubham" added to game
2021/04/15 13:26:54> Player "Meet" added to game
2021/04/15 13:26:54> Player "Shubham" added to game
2021/04/15 13:26:54> Player "Meet" added to game
2021/04/15 13:26:54> Player "Shubham" added to game
2021/04/15 13:26:54> Player "Meet" added to game
2021/04/15 13:26:54> Player "Shubham" added to game
2021/04/15 13:26:54> Player "Meet" added to game
2021/04/15 13:26:54> Player "Shubham" added to game
2021/04/15 13:26:54> Player "Meet" added to game
2021/04/15 13:26:54> Player "Shubham" added to game
2021/04/15 13:26:54> Player "Meet" added to game
2021/04/15 13:26:54> Player "Shubham" added to game
2021/04/15 13:26:54> Player "Meet" added to game
2021/04/15 13:26:54> Player "Shubham" added to game
2021/04/15 13:26:54> Player "Meet" added to game
2021/04/15 13:26:54> Player "Shubham" added to game
2021/04/15 13:26:54> Player "Meet" added to game
2021/04/15 13:26:54> Player "Shubham" added to game
2021/04/15 13:26:54> Player "Meet" added to game
2021/04/15 13:26:54> Player "Shubham" added to game
2021/04/15 13:26:54> Player "Meet" added to game
2021/04/15 13:26:54> Player "Shubham" added to game
2021/04/15 13:26:54> Player "Meet" added to game
2021/04/15 13:26:54> Player "Shubham" added to game
2021/04/15 13:26:54> Player "Meet" added to game
2021/04/15 13:26:54> Player "Shubham" added to game
2021/04/15 13:26:54> Player "Meet" added to game
2021/04/15 13:26:54> Player "Shubham" added to game
2021/04/15 13:26:54> Player "Meet" added to game
2021/04/15 13:26:54> Player "Shubham" added to game
2021/04/15 13:26:54> Player "Meet" added to game
2021/04/15 13:26:54> Player "Shubham" added to game
2021/04/15 13:26:54> Player "Meet" added to game
2021/04/15 13:26:54> Player "Shubham" added to game
2021/04/15 13:26:54> Player "Meet" added to game
2021/04/15 13:26:54> Player "Shubham" added to game
2021/04/15 13:26:54> Player "Meet" added to game
2021/04/15 13:26:54> Player "Shubham" added to game
2021/04/15 13:26:54> Player "Meet" added to game
2021/04/15 13:26:54> Player "Shubham" added to game
2021/04/15 13:26:54> Player "Shubham" added to game
2021/04/15 13:26:54> Player "Shubham" added to game
2021/04/15 13:26:54> Player "Shubham" added to game
2021/04/15 13:26:54> Player "Meet" added to game
2021/04/15 13:26:54> Player "Shubham" added to game
2021/04/15 13:26:54> Player "Meet" added to game
2021/04/15 13:26:54> Player "Shubham" added to game
2021/04/15 13:26:54> Player "Meet" added to game
2021/04/15 13:26:54> Player "human4" added to game
2021/04/15 13:26:54> Player "human" added to game
2021/04/15 13:26:54> Player "human3" added to game
2021/04/15 13:26:54> Player "human2" added to game
2021/04/15 13:26:54> Player "human1" added to game
2021/04/15 13:26:54> Game loaded successfully.
2021/04/15 13:26:54> Issue orders phase entered
2021/04/15 13:26:54> Player human1's turn
2021/04/15 13:26:54> Deploy 16,armies:  3
2021/04/15 13:26:54> Issue orders phase completed
2021/04/15 13:26:54> Execution Phase Started
2021/04/15 13:26:54> human4: Player "human4" does not control country "1" ,hence armies cannot be moved.
2021/04/15 13:26:54> human: Player "human" does not control country "1"
2021/04/15 13:26:54> human3: Player "human3" does not control country "4"
2021/04/15 13:26:54> human2: Player "human2" does not control country "3"
2021/04/15 13:26:54> human1: Player "human1" deployed "3" armies to country "2"
2021/04/15 13:26:54> human4: Player "human4" does not control country "1"
2021/04/15 13:26:54> human3: Player "human3" does not control country "1"
2021/04/15 13:26:54> human2: Player "human2" deployed "2" armies to country "1"
2021/04/15 13:26:54> human1: Player "human1" does not control country "1"
2021/04/15 13:26:54> human4: Player "human4" does not control country "1" ,hence armies cannot be moved.
2021/04/15 13:26:54> human1: Player "human1" does not enough armies
2021/04/15 13:26:54> human1: Player "human1" does not control country "1"
2021/04/15 13:26:54> human1: Player "human1" does not enough armies
2021/04/15 13:26:54> Execution Complete
2021/04/15 13:26:54> Assigned Reinforcements to players
2021/04/15 13:26:54> Issue orders phase entered
2021/04/15 13:26:54> Player human4's turn
2021/04/15 13:26:54> Deploy 18,armies:  2
2021/04/15 13:26:54> Player human's turn
2021/04/15 13:26:54> Player human3's turn
2021/04/15 13:26:54> Move from: 13, to:  12, armies: 0
2021/04/15 13:26:54> Player human2's turn
2021/04/15 13:26:54> Deploy 21,armies:  3
2021/04/15 13:26:54> Player human1's turn
2021/04/15 13:26:54> Deploy 16,armies:  3
2021/04/15 13:26:54> Issue orders phase completed
2021/04/15 13:26:54> Execution Phase Started
2021/04/15 13:26:54> human4: Player "human4" deployed "2" armies to country "18"
2021/04/15 13:26:54> human3: Country "13" should remain with atleast 1 armies after advancing command
2021/04/15 13:26:54> human2: Player "human2" deployed "3" armies to country "21"
2021/04/15 13:26:54> human1: Player "human1" deployed "3" armies to country "16"
2021/04/15 13:26:54> Execution Complete
2021/04/15 13:26:54> Assigned Reinforcements to players
2021/04/15 13:26:54> Issue orders phase entered
2021/04/15 13:26:54> Player human4's turn
2021/04/15 13:26:54> Deploy 19,armies:  1
2021/04/15 13:26:54> Player human's turn
2021/04/15 13:26:54> Player human3's turn
2021/04/15 13:26:54> Move from: 12, to:  10, armies: 0
2021/04/15 13:26:54> Player human2's turn
2021/04/15 13:26:54> Deploy 10,armies:  3
2021/04/15 13:26:54> Player human1's turn
2021/04/15 13:26:54> Advance from: 16, to: 18, armies:  1
2021/04/15 13:26:54> Issue orders phase completed
2021/04/15 13:26:54> Execution Phase Started
2021/04/15 13:26:54> human4: Player "human4" does not control country "19"
2021/04/15 13:26:54> human3: Country "12" should remain with atleast 1 armies after advancing command
2021/04/15 13:26:54> human2: Player "human2" deployed "3" armies to country "10"
2021/04/15 13:26:54> human1: Armies from country "16" were not able to advance to country "18" as the attacking armies could not defeat all the armies present in the defending country
2021/04/15 13:26:54> Execution Complete
2021/04/15 13:26:54> Assigned Reinforcements to players
2021/04/15 13:26:54> Issue orders phase entered
2021/04/15 13:26:54> Player human4's turn
2021/04/15 13:26:54> Deploy 20,armies:  2
2021/04/15 13:26:54> Player human's turn
2021/04/15 13:26:54> Player human3's turn
2021/04/15 13:26:54> Attack from: 13, to:  32, armies: 0
2021/04/15 13:26:54> Player human2's turn
2021/04/15 13:26:54> Deploy 11,armies:  3
2021/04/15 13:26:54> Player human1's turn
2021/04/15 13:26:54> Issue orders phase completed
2021/04/15 13:26:54> Execution Phase Started
2021/04/15 13:26:54> human4: Player "human4" does not control country "20"
2021/04/15 13:26:54> human3: Country "13" should remain with atleast 1 armies after advancing command
2021/04/15 13:26:54> human2: Player "human2" deployed "3" armies to country "11"
2021/04/15 13:26:54> Execution Complete
2021/04/15 13:26:54> Assigned Reinforcements to players
2021/04/15 13:26:54> Issue orders phase entered
2021/04/15 13:26:54> Player human's turn
2021/04/15 13:26:54> Player human3's turn
2021/04/15 13:26:54> Player human2's turn
2021/04/15 13:26:54> Issue orders phase completed
2021/04/15 13:26:54> Execution Phase Started
2021/04/15 13:26:54> Execution Complete
2021/04/15 13:26:54> Winner:  human
2021/04/15 13:26:54> Player "human4" added to game
2021/04/15 13:26:54> Player "human" added to game
2021/04/15 13:26:54> Player "human3" added to game
2021/04/15 13:26:54> Player "human2" added to game
2021/04/15 13:26:54> Player "human1" added to game
2021/04/15 13:26:54> Game loaded successfully.
2021/04/15 13:26:54> Issue orders phase entered
2021/04/15 13:26:54> Player human1's turn
2021/04/15 13:26:54> Deploy 16,armies:  3
2021/04/15 13:26:54> Issue orders phase completed
2021/04/15 13:26:54> Execution Phase Started
2021/04/15 13:26:54> human4: Player "human4" does not control country "1" ,hence armies cannot be moved.
2021/04/15 13:26:54> human: Player "human" does not control country "1"
2021/04/15 13:26:54> human3: Player "human3" does not control country "4"
2021/04/15 13:26:54> human2: Player "human2" does not control country "3"
2021/04/15 13:26:54> human1: Player "human1" deployed "3" armies to country "2"
2021/04/15 13:26:54> human4: Player "human4" does not control country "1"
2021/04/15 13:26:54> human3: Player "human3" does not control country "1"
2021/04/15 13:26:54> human2: Player "human2" deployed "2" armies to country "1"
2021/04/15 13:26:54> human1: Player "human1" does not control country "1"
2021/04/15 13:26:54> human4: Player "human4" does not control country "1" ,hence armies cannot be moved.
2021/04/15 13:26:54> human1: Player "human1" does not enough armies
2021/04/15 13:26:54> human1: Player "human1" does not control country "1"
2021/04/15 13:26:54> human1: Player "human1" does not enough armies
2021/04/15 13:26:54> Execution Complete
2021/04/15 13:26:54> Assigned Reinforcements to players
2021/04/15 13:26:54> Issue orders phase entered
2021/04/15 13:26:54> Player human4's turn
2021/04/15 13:26:54> Deploy 18,armies:  2
2021/04/15 13:26:54> Player human's turn
2021/04/15 13:26:54> Player human3's turn
2021/04/15 13:26:54> Deploy 14,armies:  2
2021/04/15 13:26:54> Player human2's turn
2021/04/15 13:26:54> Deploy 21,armies:  3
2021/04/15 13:26:54> Player human1's turn
2021/04/15 13:26:54> Deploy 16,armies:  3
2021/04/15 13:26:54> Issue orders phase completed
2021/04/15 13:26:54> Execution Phase Started
2021/04/15 13:26:54> human4: Player "human4" deployed "2" armies to country "18"
2021/04/15 13:26:54> human3: Player "human3" deployed "2" armies to country "14"
2021/04/15 13:26:54> human2: Player "human2" deployed "3" armies to country "21"
2021/04/15 13:26:54> human1: Player "human1" deployed "3" armies to country "16"
2021/04/15 13:26:54> Execution Complete
2021/04/15 13:26:54> Assigned Reinforcements to players
2021/04/15 13:26:54> Issue orders phase entered
2021/04/15 13:26:54> Player human4's turn
2021/04/15 13:26:54> Deploy 19,armies:  1
2021/04/15 13:26:54> Player human's turn
2021/04/15 13:26:54> Player human3's turn
2021/04/15 13:26:54> Deploy 17,armies:  2
2021/04/15 13:26:54> Player human2's turn
2021/04/15 13:26:54> Deploy 10,armies:  3
2021/04/15 13:26:54> Player human1's turn
2021/04/15 13:26:54> Advance from: 16, to: 17, armies:  1
2021/04/15 13:26:54> Issue orders phase completed
2021/04/15 13:26:54> Execution Phase Started
2021/04/15 13:26:54> human4: Player "human4" does not control country "19"
2021/04/15 13:26:54> human3: Player "human3" deployed "2" armies to country "17"
2021/04/15 13:26:54> human2: Player "human2" deployed "3" armies to country "10"
2021/04/15 13:26:54> human1: Armies from country "16" were not able to advance to country "17" as the attacking armies could not defeat all the armies present in the defending country
2021/04/15 13:26:54> Execution Complete
2021/04/15 13:26:54> Assigned Reinforcements to players
2021/04/15 13:26:54> Issue orders phase entered
2021/04/15 13:26:54> Player human4's turn
2021/04/15 13:26:54> Deploy 20,armies:  2
2021/04/15 13:26:54> Player human's turn
2021/04/15 13:26:54> Player human3's turn
2021/04/15 13:26:54> Move from: 13, to:  12, armies: 0
2021/04/15 13:26:54> Player human2's turn
2021/04/15 13:26:54> Deploy 11,armies:  3
2021/04/15 13:26:54> Player human1's turn
2021/04/15 13:26:54> Issue orders phase completed
2021/04/15 13:26:54> Execution Phase Started
2021/04/15 13:26:54> human4: Player "human4" does not control country "20"
2021/04/15 13:26:54> human3: Country "13" should remain with atleast 1 armies after advancing command
2021/04/15 13:26:54> human2: Player "human2" deployed "3" armies to country "11"
2021/04/15 13:26:54> Execution Complete
2021/04/15 13:26:54> Assigned Reinforcements to players
2021/04/15 13:26:54> Issue orders phase entered
2021/04/15 13:26:54> Player human's turn
2021/04/15 13:26:54> Player human3's turn
2021/04/15 13:26:54> Player human2's turn
2021/04/15 13:26:54> Issue orders phase completed
2021/04/15 13:26:54> Execution Phase Started
2021/04/15 13:26:54> Execution Complete
2021/04/15 13:26:54> Winner:  human
